                                 Started job on |	Oct 05 17:15:18
                             Started mapping on |	Oct 05 17:15:24
                                    Finished on |	Oct 05 17:21:09
       Mapping speed, Million of reads per hour |	227.40

                          Number of input reads |	21792025
                      Average input read length |	298
                                    UNIQUE READS:
                   Uniquely mapped reads number |	17760110
                        Uniquely mapped reads % |	81.50%
                          Average mapped length |	290.57
                       Number of splices: Total |	14344723
            Number of splices: Annotated (sjdb) |	12877869
                       Number of splices: GT/AG |	14186109
                       Number of splices: GC/AG |	102669
                       Number of splices: AT/AC |	6506
               Number of splices: Non-canonical |	49439
                      Mismatch rate per base, % |	0.85%
                         Deletion rate per base |	0.07%
                        Deletion average length |	3.34
                        Insertion rate per base |	0.06%
                       Insertion average length |	3.62
                             MULTI-MAPPING READS:
        Number of reads mapped to multiple loci |	0
             % of reads mapped to multiple loci |	0.00%
        Number of reads mapped to too many loci |	1017269
             % of reads mapped to too many loci |	4.67%
                                  UNMAPPED READS:
  Number of reads unmapped: too many mismatches |	0
       % of reads unmapped: too many mismatches |	0.00%
            Number of reads unmapped: too short |	2995074
                 % of reads unmapped: too short |	13.74%
                Number of reads unmapped: other |	19572
                     % of reads unmapped: other |	0.09%
                                  CHIMERIC READS:
                       Number of chimeric reads |	0
                            % of chimeric reads |	0.00%
