                                 Started job on |	Oct 05 15:25:14
                             Started mapping on |	Oct 05 15:25:19
                                    Finished on |	Oct 05 15:30:47
       Mapping speed, Million of reads per hour |	233.81

                          Number of input reads |	21302359
                      Average input read length |	298
                                    UNIQUE READS:
                   Uniquely mapped reads number |	18546330
                        Uniquely mapped reads % |	87.06%
                          Average mapped length |	291.56
                       Number of splices: Total |	18426298
            Number of splices: Annotated (sjdb) |	16587731
                       Number of splices: GT/AG |	18177193
                       Number of splices: GC/AG |	183512
                       Number of splices: AT/AC |	10343
               Number of splices: Non-canonical |	55250
                      Mismatch rate per base, % |	0.80%
                         Deletion rate per base |	0.05%
                        Deletion average length |	3.11
                        Insertion rate per base |	0.04%
                       Insertion average length |	3.21
                             MULTI-MAPPING READS:
        Number of reads mapped to multiple loci |	0
             % of reads mapped to multiple loci |	0.00%
        Number of reads mapped to too many loci |	891142
             % of reads mapped to too many loci |	4.18%
                                  UNMAPPED READS:
  Number of reads unmapped: too many mismatches |	0
       % of reads unmapped: too many mismatches |	0.00%
            Number of reads unmapped: too short |	1849940
                 % of reads unmapped: too short |	8.68%
                Number of reads unmapped: other |	14947
                     % of reads unmapped: other |	0.07%
                                  CHIMERIC READS:
                       Number of chimeric reads |	0
                            % of chimeric reads |	0.00%
