                                 Started job on |	Oct 05 15:42:01
                             Started mapping on |	Oct 05 15:42:07
                                    Finished on |	Oct 05 15:47:31
       Mapping speed, Million of reads per hour |	225.76

                          Number of input reads |	20318112
                      Average input read length |	298
                                    UNIQUE READS:
                   Uniquely mapped reads number |	16231322
                        Uniquely mapped reads % |	79.89%
                          Average mapped length |	290.17
                       Number of splices: Total |	12431084
            Number of splices: Annotated (sjdb) |	10961209
                       Number of splices: GT/AG |	12290956
                       Number of splices: GC/AG |	83953
                       Number of splices: AT/AC |	5497
               Number of splices: Non-canonical |	50678
                      Mismatch rate per base, % |	0.85%
                         Deletion rate per base |	0.07%
                        Deletion average length |	3.33
                        Insertion rate per base |	0.06%
                       Insertion average length |	3.71
                             MULTI-MAPPING READS:
        Number of reads mapped to multiple loci |	0
             % of reads mapped to multiple loci |	0.00%
        Number of reads mapped to too many loci |	1066055
             % of reads mapped to too many loci |	5.25%
                                  UNMAPPED READS:
  Number of reads unmapped: too many mismatches |	0
       % of reads unmapped: too many mismatches |	0.00%
            Number of reads unmapped: too short |	3000221
                 % of reads unmapped: too short |	14.77%
                Number of reads unmapped: other |	20514
                     % of reads unmapped: other |	0.10%
                                  CHIMERIC READS:
                       Number of chimeric reads |	0
                            % of chimeric reads |	0.00%
