                                 Started job on |	Oct 05 15:55:32
                             Started mapping on |	Oct 05 15:55:37
                                    Finished on |	Oct 05 16:00:59
       Mapping speed, Million of reads per hour |	239.14

                          Number of input reads |	21389320
                      Average input read length |	298
                                    UNIQUE READS:
                   Uniquely mapped reads number |	18510313
                        Uniquely mapped reads % |	86.54%
                          Average mapped length |	291.01
                       Number of splices: Total |	16472964
            Number of splices: Annotated (sjdb) |	14681611
                       Number of splices: GT/AG |	16273024
                       Number of splices: GC/AG |	139733
                       Number of splices: AT/AC |	9489
               Number of splices: Non-canonical |	50718
                      Mismatch rate per base, % |	0.83%
                         Deletion rate per base |	0.06%
                        Deletion average length |	3.28
                        Insertion rate per base |	0.05%
                       Insertion average length |	3.41
                             MULTI-MAPPING READS:
        Number of reads mapped to multiple loci |	0
             % of reads mapped to multiple loci |	0.00%
        Number of reads mapped to too many loci |	863492
             % of reads mapped to too many loci |	4.04%
                                  UNMAPPED READS:
  Number of reads unmapped: too many mismatches |	0
       % of reads unmapped: too many mismatches |	0.00%
            Number of reads unmapped: too short |	1998782
                 % of reads unmapped: too short |	9.34%
                Number of reads unmapped: other |	16733
                     % of reads unmapped: other |	0.08%
                                  CHIMERIC READS:
                       Number of chimeric reads |	0
                            % of chimeric reads |	0.00%
