                                 Started job on |	Oct 05 16:13:50
                             Started mapping on |	Oct 05 16:13:56
                                    Finished on |	Oct 05 16:19:00
       Mapping speed, Million of reads per hour |	255.25

                          Number of input reads |	21554382
                      Average input read length |	298
                                    UNIQUE READS:
                   Uniquely mapped reads number |	18813483
                        Uniquely mapped reads % |	87.28%
                          Average mapped length |	290.33
                       Number of splices: Total |	15593990
            Number of splices: Annotated (sjdb) |	13936770
                       Number of splices: GT/AG |	15418705
                       Number of splices: GC/AG |	111523
                       Number of splices: AT/AC |	5703
               Number of splices: Non-canonical |	58059
                      Mismatch rate per base, % |	0.86%
                         Deletion rate per base |	0.06%
                        Deletion average length |	3.26
                        Insertion rate per base |	0.06%
                       Insertion average length |	3.52
                             MULTI-MAPPING READS:
        Number of reads mapped to multiple loci |	0
             % of reads mapped to multiple loci |	0.00%
        Number of reads mapped to too many loci |	843089
             % of reads mapped to too many loci |	3.91%
                                  UNMAPPED READS:
  Number of reads unmapped: too many mismatches |	0
       % of reads unmapped: too many mismatches |	0.00%
            Number of reads unmapped: too short |	1886534
                 % of reads unmapped: too short |	8.75%
                Number of reads unmapped: other |	11276
                     % of reads unmapped: other |	0.05%
                                  CHIMERIC READS:
                       Number of chimeric reads |	0
                            % of chimeric reads |	0.00%
