                                 Started job on |	Oct 05 16:29:53
                             Started mapping on |	Oct 05 16:29:59
                                    Finished on |	Oct 05 16:36:11
       Mapping speed, Million of reads per hour |	218.75

                          Number of input reads |	22604664
                      Average input read length |	298
                                    UNIQUE READS:
                   Uniquely mapped reads number |	17685176
                        Uniquely mapped reads % |	78.24%
                          Average mapped length |	290.55
                       Number of splices: Total |	14760259
            Number of splices: Annotated (sjdb) |	13219182
                       Number of splices: GT/AG |	14587588
                       Number of splices: GC/AG |	108068
                       Number of splices: AT/AC |	4727
               Number of splices: Non-canonical |	59876
                      Mismatch rate per base, % |	0.84%
                         Deletion rate per base |	0.06%
                        Deletion average length |	3.32
                        Insertion rate per base |	0.05%
                       Insertion average length |	3.48
                             MULTI-MAPPING READS:
        Number of reads mapped to multiple loci |	0
             % of reads mapped to multiple loci |	0.00%
        Number of reads mapped to too many loci |	1299219
             % of reads mapped to too many loci |	5.75%
                                  UNMAPPED READS:
  Number of reads unmapped: too many mismatches |	0
       % of reads unmapped: too many mismatches |	0.00%
            Number of reads unmapped: too short |	3600676
                 % of reads unmapped: too short |	15.93%
                Number of reads unmapped: other |	19593
                     % of reads unmapped: other |	0.09%
                                  CHIMERIC READS:
                       Number of chimeric reads |	0
                            % of chimeric reads |	0.00%
