                                 Started job on |	Oct 05 16:19:01
                             Started mapping on |	Oct 05 16:19:06
                                    Finished on |	Oct 05 16:24:21
       Mapping speed, Million of reads per hour |	242.81

                          Number of input reads |	21245563
                      Average input read length |	298
                                    UNIQUE READS:
                   Uniquely mapped reads number |	18106898
                        Uniquely mapped reads % |	85.23%
                          Average mapped length |	290.19
                       Number of splices: Total |	14350589
            Number of splices: Annotated (sjdb) |	12856251
                       Number of splices: GT/AG |	14185443
                       Number of splices: GC/AG |	101984
                       Number of splices: AT/AC |	6128
               Number of splices: Non-canonical |	57034
                      Mismatch rate per base, % |	0.87%
                         Deletion rate per base |	0.07%
                        Deletion average length |	3.32
                        Insertion rate per base |	0.06%
                       Insertion average length |	3.55
                             MULTI-MAPPING READS:
        Number of reads mapped to multiple loci |	0
             % of reads mapped to multiple loci |	0.00%
        Number of reads mapped to too many loci |	943404
             % of reads mapped to too many loci |	4.44%
                                  UNMAPPED READS:
  Number of reads unmapped: too many mismatches |	0
       % of reads unmapped: too many mismatches |	0.00%
            Number of reads unmapped: too short |	2177865
                 % of reads unmapped: too short |	10.25%
                Number of reads unmapped: other |	17396
                     % of reads unmapped: other |	0.08%
                                  CHIMERIC READS:
                       Number of chimeric reads |	0
                            % of chimeric reads |	0.00%
