                                 Started job on |	Oct 05 16:00:59
                             Started mapping on |	Oct 05 16:01:05
                                    Finished on |	Oct 05 16:08:23
       Mapping speed, Million of reads per hour |	176.26

                          Number of input reads |	21445166
                      Average input read length |	298
                                    UNIQUE READS:
                   Uniquely mapped reads number |	14882815
                        Uniquely mapped reads % |	69.40%
                          Average mapped length |	291.17
                       Number of splices: Total |	13294820
            Number of splices: Annotated (sjdb) |	11925272
                       Number of splices: GT/AG |	13127882
                       Number of splices: GC/AG |	119542
                       Number of splices: AT/AC |	6163
               Number of splices: Non-canonical |	41233
                      Mismatch rate per base, % |	0.81%
                         Deletion rate per base |	0.06%
                        Deletion average length |	3.21
                        Insertion rate per base |	0.05%
                       Insertion average length |	3.42
                             MULTI-MAPPING READS:
        Number of reads mapped to multiple loci |	0
             % of reads mapped to multiple loci |	0.00%
        Number of reads mapped to too many loci |	849901
             % of reads mapped to too many loci |	3.96%
                                  UNMAPPED READS:
  Number of reads unmapped: too many mismatches |	0
       % of reads unmapped: too many mismatches |	0.00%
            Number of reads unmapped: too short |	5684912
                 % of reads unmapped: too short |	26.51%
                Number of reads unmapped: other |	27538
                     % of reads unmapped: other |	0.13%
                                  CHIMERIC READS:
                       Number of chimeric reads |	0
                            % of chimeric reads |	0.00%
