                                 Started job on |	Oct 05 16:58:55
                             Started mapping on |	Oct 05 16:59:00
                                    Finished on |	Oct 05 17:08:31
       Mapping speed, Million of reads per hour |	159.75

                          Number of input reads |	25338419
                      Average input read length |	298
                                    UNIQUE READS:
                   Uniquely mapped reads number |	15318320
                        Uniquely mapped reads % |	60.45%
                          Average mapped length |	290.56
                       Number of splices: Total |	12668728
            Number of splices: Annotated (sjdb) |	11399945
                       Number of splices: GT/AG |	12532347
                       Number of splices: GC/AG |	89454
                       Number of splices: AT/AC |	6877
               Number of splices: Non-canonical |	40050
                      Mismatch rate per base, % |	0.84%
                         Deletion rate per base |	0.07%
                        Deletion average length |	3.39
                        Insertion rate per base |	0.06%
                       Insertion average length |	3.66
                             MULTI-MAPPING READS:
        Number of reads mapped to multiple loci |	0
             % of reads mapped to multiple loci |	0.00%
        Number of reads mapped to too many loci |	846134
             % of reads mapped to too many loci |	3.34%
                                  UNMAPPED READS:
  Number of reads unmapped: too many mismatches |	0
       % of reads unmapped: too many mismatches |	0.00%
            Number of reads unmapped: too short |	9164453
                 % of reads unmapped: too short |	36.17%
                Number of reads unmapped: other |	9512
                     % of reads unmapped: other |	0.04%
                                  CHIMERIC READS:
                       Number of chimeric reads |	0
                            % of chimeric reads |	0.00%
