                                 Started job on |	Oct 05 17:08:31
                             Started mapping on |	Oct 05 17:08:38
                                    Finished on |	Oct 05 17:15:18
       Mapping speed, Million of reads per hour |	229.80

                          Number of input reads |	25533294
                      Average input read length |	298
                                    UNIQUE READS:
                   Uniquely mapped reads number |	21160471
                        Uniquely mapped reads % |	82.87%
                          Average mapped length |	290.66
                       Number of splices: Total |	18027300
            Number of splices: Annotated (sjdb) |	16222088
                       Number of splices: GT/AG |	17817867
                       Number of splices: GC/AG |	142056
                       Number of splices: AT/AC |	9082
               Number of splices: Non-canonical |	58295
                      Mismatch rate per base, % |	0.84%
                         Deletion rate per base |	0.07%
                        Deletion average length |	3.40
                        Insertion rate per base |	0.06%
                       Insertion average length |	3.54
                             MULTI-MAPPING READS:
        Number of reads mapped to multiple loci |	0
             % of reads mapped to multiple loci |	0.00%
        Number of reads mapped to too many loci |	1057464
             % of reads mapped to too many loci |	4.14%
                                  UNMAPPED READS:
  Number of reads unmapped: too many mismatches |	0
       % of reads unmapped: too many mismatches |	0.00%
            Number of reads unmapped: too short |	3298381
                 % of reads unmapped: too short |	12.92%
                Number of reads unmapped: other |	16978
                     % of reads unmapped: other |	0.07%
                                  CHIMERIC READS:
                       Number of chimeric reads |	0
                            % of chimeric reads |	0.00%
