                                 Started job on |	Oct 05 15:35:56
                             Started mapping on |	Oct 05 15:36:01
                                    Finished on |	Oct 05 15:42:01
       Mapping speed, Million of reads per hour |	242.02

                          Number of input reads |	24202383
                      Average input read length |	298
                                    UNIQUE READS:
                   Uniquely mapped reads number |	20275243
                        Uniquely mapped reads % |	83.77%
                          Average mapped length |	290.34
                       Number of splices: Total |	16658525
            Number of splices: Annotated (sjdb) |	14914048
                       Number of splices: GT/AG |	16470282
                       Number of splices: GC/AG |	126639
                       Number of splices: AT/AC |	6694
               Number of splices: Non-canonical |	54910
                      Mismatch rate per base, % |	0.85%
                         Deletion rate per base |	0.07%
                        Deletion average length |	3.32
                        Insertion rate per base |	0.06%
                       Insertion average length |	3.56
                             MULTI-MAPPING READS:
        Number of reads mapped to multiple loci |	0
             % of reads mapped to multiple loci |	0.00%
        Number of reads mapped to too many loci |	1208620
             % of reads mapped to too many loci |	4.99%
                                  UNMAPPED READS:
  Number of reads unmapped: too many mismatches |	0
       % of reads unmapped: too many mismatches |	0.00%
            Number of reads unmapped: too short |	2701824
                 % of reads unmapped: too short |	11.16%
                Number of reads unmapped: other |	16696
                     % of reads unmapped: other |	0.07%
                                  CHIMERIC READS:
                       Number of chimeric reads |	0
                            % of chimeric reads |	0.00%
