                                 Started job on |	Oct 05 16:08:23
                             Started mapping on |	Oct 05 16:08:28
                                    Finished on |	Oct 05 16:13:50
       Mapping speed, Million of reads per hour |	227.58

                          Number of input reads |	20355871
                      Average input read length |	298
                                    UNIQUE READS:
                   Uniquely mapped reads number |	16392390
                        Uniquely mapped reads % |	80.53%
                          Average mapped length |	290.20
                       Number of splices: Total |	12777042
            Number of splices: Annotated (sjdb) |	11426488
                       Number of splices: GT/AG |	12635279
                       Number of splices: GC/AG |	86494
                       Number of splices: AT/AC |	4195
               Number of splices: Non-canonical |	51074
                      Mismatch rate per base, % |	0.86%
                         Deletion rate per base |	0.07%
                        Deletion average length |	3.28
                        Insertion rate per base |	0.06%
                       Insertion average length |	3.48
                             MULTI-MAPPING READS:
        Number of reads mapped to multiple loci |	0
             % of reads mapped to multiple loci |	0.00%
        Number of reads mapped to too many loci |	934305
             % of reads mapped to too many loci |	4.59%
                                  UNMAPPED READS:
  Number of reads unmapped: too many mismatches |	0
       % of reads unmapped: too many mismatches |	0.00%
            Number of reads unmapped: too short |	3006652
                 % of reads unmapped: too short |	14.77%
                Number of reads unmapped: other |	22524
                     % of reads unmapped: other |	0.11%
                                  CHIMERIC READS:
                       Number of chimeric reads |	0
                            % of chimeric reads |	0.00%
