                                 Started job on |	Oct 05 15:14:20
                             Started mapping on |	Oct 05 15:14:25
                                    Finished on |	Oct 05 15:19:52
       Mapping speed, Million of reads per hour |	240.29

                          Number of input reads |	21826743
                      Average input read length |	298
                                    UNIQUE READS:
                   Uniquely mapped reads number |	18918062
                        Uniquely mapped reads % |	86.67%
                          Average mapped length |	291.68
                       Number of splices: Total |	18432118
            Number of splices: Annotated (sjdb) |	16557114
                       Number of splices: GT/AG |	18184098
                       Number of splices: GC/AG |	184291
                       Number of splices: AT/AC |	9379
               Number of splices: Non-canonical |	54350
                      Mismatch rate per base, % |	0.80%
                         Deletion rate per base |	0.06%
                        Deletion average length |	3.11
                        Insertion rate per base |	0.04%
                       Insertion average length |	3.18
                             MULTI-MAPPING READS:
        Number of reads mapped to multiple loci |	0
             % of reads mapped to multiple loci |	0.00%
        Number of reads mapped to too many loci |	970964
             % of reads mapped to too many loci |	4.45%
                                  UNMAPPED READS:
  Number of reads unmapped: too many mismatches |	0
       % of reads unmapped: too many mismatches |	0.00%
            Number of reads unmapped: too short |	1921203
                 % of reads unmapped: too short |	8.80%
                Number of reads unmapped: other |	16514
                     % of reads unmapped: other |	0.08%
                                  CHIMERIC READS:
                       Number of chimeric reads |	0
                            % of chimeric reads |	0.00%
