                                 Started job on |	Oct 05 16:24:21
                             Started mapping on |	Oct 05 16:24:27
                                    Finished on |	Oct 05 16:29:52
       Mapping speed, Million of reads per hour |	257.36

                          Number of input reads |	23233892
                      Average input read length |	298
                                    UNIQUE READS:
                   Uniquely mapped reads number |	20178612
                        Uniquely mapped reads % |	86.85%
                          Average mapped length |	290.54
                       Number of splices: Total |	16520509
            Number of splices: Annotated (sjdb) |	14778988
                       Number of splices: GT/AG |	16335814
                       Number of splices: GC/AG |	121737
                       Number of splices: AT/AC |	5475
               Number of splices: Non-canonical |	57483
                      Mismatch rate per base, % |	0.85%
                         Deletion rate per base |	0.06%
                        Deletion average length |	3.31
                        Insertion rate per base |	0.05%
                       Insertion average length |	3.53
                             MULTI-MAPPING READS:
        Number of reads mapped to multiple loci |	0
             % of reads mapped to multiple loci |	0.00%
        Number of reads mapped to too many loci |	854187
             % of reads mapped to too many loci |	3.68%
                                  UNMAPPED READS:
  Number of reads unmapped: too many mismatches |	0
       % of reads unmapped: too many mismatches |	0.00%
            Number of reads unmapped: too short |	2185614
                 % of reads unmapped: too short |	9.41%
                Number of reads unmapped: other |	15479
                     % of reads unmapped: other |	0.07%
                                  CHIMERIC READS:
                       Number of chimeric reads |	0
                            % of chimeric reads |	0.00%
