producer_class	xtools.gsea.Gsea
producer_timestamp	1635258095232
param	zip_report	false
param	num	100
param	scoring_scheme	weighted
param	norm	meandiv
param	out	C:\Users\TimG\gsea_home\output
param	mode	Max_probe
param	include_only_symbols	true
param	set_max	500
param	gmx	O:\DEJAVNOSTI\OMIKE\pISA-Projects\_p_Endophytes\_I_Bsubtilis\_S_NGS_mixed_cultures_exp2\_A_04-RNAseq-GSEA\input\stu_PGSC-ITAG-merged_2019-05-24_mapping-manual.gmt
param	plot_top_x	20
param	nperm	1000
param	order	descending
param	rpt_label	RNAseq_Bacillus_root_exp2_216_YFP_218_MKATE_vs_nonino
param	rnd_seed	timestamp
param	set_min	15
param	res	O:\DEJAVNOSTI\OMIKE\pISA-Projects\_p_Endophytes\_I_Bsubtilis\_S_NGS_mixed_cultures_exp2\_A_03_exp2-STAR_limma\output\root_TMM_GSEA_noDESC.txt
param	create_svgs	false
param	cls	O:\DEJAVNOSTI\OMIKE\pISA-Projects\_p_Endophytes\_I_Bsubtilis\_S_NGS_mixed_cultures_exp2\_A_04-RNAseq-GSEA\input\phenotype.cls#216_YFP_218_MKATE_versus_nonino
param	sort	real
param	create_gcts	false
param	help	false
param	save_rnd_lists	false
param	median	false
param	metric	Signal2Noise
param	make_sets	true
param	rnd_type	no_balance
param	gui	false
param	permute	gene_set
param	collapse	No_Collapse

file	C:\Users\TimG\gsea_home\output\RNAseq_Bacillus_root_exp2_216_YFP_218_MKATE_vs_nonino.Gsea.1635258095232\index.html
