                                 Started job on |	Dec 05 00:41:53
                             Started mapping on |	Dec 05 00:41:58
                                    Finished on |	Dec 05 00:47:35
       Mapping speed, Million of reads per hour |	252.16

                          Number of input reads |	23604550
                      Average input read length |	297
                                    UNIQUE READS:
                   Uniquely mapped reads number |	21002359
                        Uniquely mapped reads % |	88.98%
                          Average mapped length |	290.04
                       Number of splices: Total |	19450068
            Number of splices: Annotated (sjdb) |	17642996
                       Number of splices: GT/AG |	19186015
                       Number of splices: GC/AG |	204395
                       Number of splices: AT/AC |	7610
               Number of splices: Non-canonical |	52048
                      Mismatch rate per base, % |	0.82%
                         Deletion rate per base |	0.07%
                        Deletion average length |	2.99
                        Insertion rate per base |	0.07%
                       Insertion average length |	2.85
                             MULTI-MAPPING READS:
        Number of reads mapped to multiple loci |	0
             % of reads mapped to multiple loci |	0.00%
        Number of reads mapped to too many loci |	1094078
             % of reads mapped to too many loci |	4.64%
                                  UNMAPPED READS:
  Number of reads unmapped: too many mismatches |	0
       % of reads unmapped: too many mismatches |	0.00%
            Number of reads unmapped: too short |	1504941
                 % of reads unmapped: too short |	6.38%
                Number of reads unmapped: other |	3172
                     % of reads unmapped: other |	0.01%
                                  CHIMERIC READS:
                       Number of chimeric reads |	0
                            % of chimeric reads |	0.00%
