                                 Started job on |	Dec 05 00:47:36
                             Started mapping on |	Dec 05 00:47:41
                                    Finished on |	Dec 05 00:53:10
       Mapping speed, Million of reads per hour |	252.40

                          Number of input reads |	23066411
                      Average input read length |	297
                                    UNIQUE READS:
                   Uniquely mapped reads number |	20471450
                        Uniquely mapped reads % |	88.75%
                          Average mapped length |	290.14
                       Number of splices: Total |	19363970
            Number of splices: Annotated (sjdb) |	17489643
                       Number of splices: GT/AG |	19105838
                       Number of splices: GC/AG |	200198
                       Number of splices: AT/AC |	7159
               Number of splices: Non-canonical |	50775
                      Mismatch rate per base, % |	0.81%
                         Deletion rate per base |	0.07%
                        Deletion average length |	3.01
                        Insertion rate per base |	0.06%
                       Insertion average length |	2.83
                             MULTI-MAPPING READS:
        Number of reads mapped to multiple loci |	0
             % of reads mapped to multiple loci |	0.00%
        Number of reads mapped to too many loci |	1025015
             % of reads mapped to too many loci |	4.44%
                                  UNMAPPED READS:
  Number of reads unmapped: too many mismatches |	0
       % of reads unmapped: too many mismatches |	0.00%
            Number of reads unmapped: too short |	1566696
                 % of reads unmapped: too short |	6.79%
                Number of reads unmapped: other |	3250
                     % of reads unmapped: other |	0.01%
                                  CHIMERIC READS:
                       Number of chimeric reads |	0
                            % of chimeric reads |	0.00%
