                                 Started job on |	Dec 05 00:36:50
                             Started mapping on |	Dec 05 00:36:56
                                    Finished on |	Dec 05 00:41:52
       Mapping speed, Million of reads per hour |	267.74

                          Number of input reads |	22014207
                      Average input read length |	298
                                    UNIQUE READS:
                   Uniquely mapped reads number |	18910192
                        Uniquely mapped reads % |	85.90%
                          Average mapped length |	289.39
                       Number of splices: Total |	13287527
            Number of splices: Annotated (sjdb) |	11787912
                       Number of splices: GT/AG |	13134623
                       Number of splices: GC/AG |	78766
                       Number of splices: AT/AC |	4845
               Number of splices: Non-canonical |	69293
                      Mismatch rate per base, % |	0.86%
                         Deletion rate per base |	0.08%
                        Deletion average length |	3.25
                        Insertion rate per base |	0.07%
                       Insertion average length |	3.30
                             MULTI-MAPPING READS:
        Number of reads mapped to multiple loci |	0
             % of reads mapped to multiple loci |	0.00%
        Number of reads mapped to too many loci |	863713
             % of reads mapped to too many loci |	3.92%
                                  UNMAPPED READS:
  Number of reads unmapped: too many mismatches |	0
       % of reads unmapped: too many mismatches |	0.00%
            Number of reads unmapped: too short |	2236659
                 % of reads unmapped: too short |	10.16%
                Number of reads unmapped: other |	3643
                     % of reads unmapped: other |	0.02%
                                  CHIMERIC READS:
                       Number of chimeric reads |	0
                            % of chimeric reads |	0.00%
