                                 Started job on |	Dec 04 23:20:17
                             Started mapping on |	Dec 04 23:20:22
                                    Finished on |	Dec 04 23:26:30
       Mapping speed, Million of reads per hour |	211.74

                          Number of input reads |	21645006
                      Average input read length |	298
                                    UNIQUE READS:
                   Uniquely mapped reads number |	17310489
                        Uniquely mapped reads % |	79.97%
                          Average mapped length |	290.77
                       Number of splices: Total |	16175947
            Number of splices: Annotated (sjdb) |	14506171
                       Number of splices: GT/AG |	15957067
                       Number of splices: GC/AG |	157286
                       Number of splices: AT/AC |	9165
               Number of splices: Non-canonical |	52429
                      Mismatch rate per base, % |	0.80%
                         Deletion rate per base |	0.07%
                        Deletion average length |	3.07
                        Insertion rate per base |	0.06%
                       Insertion average length |	2.79
                             MULTI-MAPPING READS:
        Number of reads mapped to multiple loci |	0
             % of reads mapped to multiple loci |	0.00%
        Number of reads mapped to too many loci |	865754
             % of reads mapped to too many loci |	4.00%
                                  UNMAPPED READS:
  Number of reads unmapped: too many mismatches |	0
       % of reads unmapped: too many mismatches |	0.00%
            Number of reads unmapped: too short |	3461981
                 % of reads unmapped: too short |	15.99%
                Number of reads unmapped: other |	6782
                     % of reads unmapped: other |	0.03%
                                  CHIMERIC READS:
                       Number of chimeric reads |	0
                            % of chimeric reads |	0.00%
