                                 Started job on |	Dec 04 23:45:02
                             Started mapping on |	Dec 04 23:45:07
                                    Finished on |	Dec 04 23:51:30
       Mapping speed, Million of reads per hour |	216.91

                          Number of input reads |	23076790
                      Average input read length |	298
                                    UNIQUE READS:
                   Uniquely mapped reads number |	18551186
                        Uniquely mapped reads % |	80.39%
                          Average mapped length |	290.17
                       Number of splices: Total |	15626575
            Number of splices: Annotated (sjdb) |	13892669
                       Number of splices: GT/AG |	15445041
                       Number of splices: GC/AG |	112961
                       Number of splices: AT/AC |	8918
               Number of splices: Non-canonical |	59655
                      Mismatch rate per base, % |	0.82%
                         Deletion rate per base |	0.07%
                        Deletion average length |	3.14
                        Insertion rate per base |	0.06%
                       Insertion average length |	3.02
                             MULTI-MAPPING READS:
        Number of reads mapped to multiple loci |	0
             % of reads mapped to multiple loci |	0.00%
        Number of reads mapped to too many loci |	921920
             % of reads mapped to too many loci |	4.00%
                                  UNMAPPED READS:
  Number of reads unmapped: too many mismatches |	0
       % of reads unmapped: too many mismatches |	0.00%
            Number of reads unmapped: too short |	3591576
                 % of reads unmapped: too short |	15.56%
                Number of reads unmapped: other |	12108
                     % of reads unmapped: other |	0.05%
                                  CHIMERIC READS:
                       Number of chimeric reads |	0
                            % of chimeric reads |	0.00%
