                                 Started job on |	Dec 05 00:31:27
                             Started mapping on |	Dec 05 00:31:32
                                    Finished on |	Dec 05 00:36:49
       Mapping speed, Million of reads per hour |	226.17

                          Number of input reads |	19915248
                      Average input read length |	298
                                    UNIQUE READS:
                   Uniquely mapped reads number |	14600055
                        Uniquely mapped reads % |	73.31%
                          Average mapped length |	289.65
                       Number of splices: Total |	10862632
            Number of splices: Annotated (sjdb) |	9621504
                       Number of splices: GT/AG |	10724104
                       Number of splices: GC/AG |	78398
                       Number of splices: AT/AC |	5914
               Number of splices: Non-canonical |	54216
                      Mismatch rate per base, % |	0.84%
                         Deletion rate per base |	0.08%
                        Deletion average length |	3.23
                        Insertion rate per base |	0.07%
                       Insertion average length |	3.27
                             MULTI-MAPPING READS:
        Number of reads mapped to multiple loci |	0
             % of reads mapped to multiple loci |	0.00%
        Number of reads mapped to too many loci |	2015773
             % of reads mapped to too many loci |	10.12%
                                  UNMAPPED READS:
  Number of reads unmapped: too many mismatches |	0
       % of reads unmapped: too many mismatches |	0.00%
            Number of reads unmapped: too short |	3289537
                 % of reads unmapped: too short |	16.52%
                Number of reads unmapped: other |	9883
                     % of reads unmapped: other |	0.05%
                                  CHIMERIC READS:
                       Number of chimeric reads |	0
                            % of chimeric reads |	0.00%
