                                 Started job on |	Dec 04 22:14:07
                             Started mapping on |	Dec 04 22:14:13
                                    Finished on |	Dec 04 22:18:53
       Mapping speed, Million of reads per hour |	254.19

                          Number of input reads |	19770390
                      Average input read length |	298
                                    UNIQUE READS:
                   Uniquely mapped reads number |	17411785
                        Uniquely mapped reads % |	88.07%
                          Average mapped length |	290.38
                       Number of splices: Total |	15368943
            Number of splices: Annotated (sjdb) |	13850153
                       Number of splices: GT/AG |	15172723
                       Number of splices: GC/AG |	141202
                       Number of splices: AT/AC |	8667
               Number of splices: Non-canonical |	46351
                      Mismatch rate per base, % |	0.84%
                         Deletion rate per base |	0.07%
                        Deletion average length |	3.20
                        Insertion rate per base |	0.06%
                       Insertion average length |	2.93
                             MULTI-MAPPING READS:
        Number of reads mapped to multiple loci |	0
             % of reads mapped to multiple loci |	0.00%
        Number of reads mapped to too many loci |	877378
             % of reads mapped to too many loci |	4.44%
                                  UNMAPPED READS:
  Number of reads unmapped: too many mismatches |	0
       % of reads unmapped: too many mismatches |	0.00%
            Number of reads unmapped: too short |	1475257
                 % of reads unmapped: too short |	7.46%
                Number of reads unmapped: other |	5970
                     % of reads unmapped: other |	0.03%
                                  CHIMERIC READS:
                       Number of chimeric reads |	0
                            % of chimeric reads |	0.00%
