                                 Started job on |	Dec 05 00:04:06
                             Started mapping on |	Dec 05 00:04:11
                                    Finished on |	Dec 05 00:09:57
       Mapping speed, Million of reads per hour |	255.97

                          Number of input reads |	24601851
                      Average input read length |	298
                                    UNIQUE READS:
                   Uniquely mapped reads number |	21333285
                        Uniquely mapped reads % |	86.71%
                          Average mapped length |	290.05
                       Number of splices: Total |	17402907
            Number of splices: Annotated (sjdb) |	15541277
                       Number of splices: GT/AG |	17227887
                       Number of splices: GC/AG |	111382
                       Number of splices: AT/AC |	9331
               Number of splices: Non-canonical |	54307
                      Mismatch rate per base, % |	0.84%
                         Deletion rate per base |	0.08%
                        Deletion average length |	3.27
                        Insertion rate per base |	0.07%
                       Insertion average length |	3.21
                             MULTI-MAPPING READS:
        Number of reads mapped to multiple loci |	0
             % of reads mapped to multiple loci |	0.00%
        Number of reads mapped to too many loci |	1087906
             % of reads mapped to too many loci |	4.42%
                                  UNMAPPED READS:
  Number of reads unmapped: too many mismatches |	0
       % of reads unmapped: too many mismatches |	0.00%
            Number of reads unmapped: too short |	2173432
                 % of reads unmapped: too short |	8.83%
                Number of reads unmapped: other |	7228
                     % of reads unmapped: other |	0.03%
                                  CHIMERIC READS:
                       Number of chimeric reads |	0
                            % of chimeric reads |	0.00%
