                                 Started job on |	Dec 05 00:15:27
                             Started mapping on |	Dec 05 00:15:31
                                    Finished on |	Dec 05 00:31:26
       Mapping speed, Million of reads per hour |	88.12

                          Number of input reads |	23375998
                      Average input read length |	296
                                    UNIQUE READS:
                   Uniquely mapped reads number |	928798
                        Uniquely mapped reads % |	3.97%
                          Average mapped length |	287.93
                       Number of splices: Total |	668606
            Number of splices: Annotated (sjdb) |	591665
                       Number of splices: GT/AG |	656177
                       Number of splices: GC/AG |	7300
                       Number of splices: AT/AC |	270
               Number of splices: Non-canonical |	4859
                      Mismatch rate per base, % |	0.86%
                         Deletion rate per base |	0.08%
                        Deletion average length |	3.20
                        Insertion rate per base |	0.07%
                       Insertion average length |	2.92
                             MULTI-MAPPING READS:
        Number of reads mapped to multiple loci |	0
             % of reads mapped to multiple loci |	0.00%
        Number of reads mapped to too many loci |	261613
             % of reads mapped to too many loci |	1.12%
                                  UNMAPPED READS:
  Number of reads unmapped: too many mismatches |	0
       % of reads unmapped: too many mismatches |	0.00%
            Number of reads unmapped: too short |	22181357
                 % of reads unmapped: too short |	94.89%
                Number of reads unmapped: other |	4230
                     % of reads unmapped: other |	0.02%
                                  CHIMERIC READS:
                       Number of chimeric reads |	0
                            % of chimeric reads |	0.00%
