                                 Started job on |	Dec 04 22:34:26
                             Started mapping on |	Dec 04 22:34:31
                                    Finished on |	Dec 04 22:40:21
       Mapping speed, Million of reads per hour |	241.11

                          Number of input reads |	23440852
                      Average input read length |	298
                                    UNIQUE READS:
                   Uniquely mapped reads number |	20045367
                        Uniquely mapped reads % |	85.51%
                          Average mapped length |	290.06
                       Number of splices: Total |	17323792
            Number of splices: Annotated (sjdb) |	15547575
                       Number of splices: GT/AG |	17114770
                       Number of splices: GC/AG |	145565
                       Number of splices: AT/AC |	10516
               Number of splices: Non-canonical |	52941
                      Mismatch rate per base, % |	0.81%
                         Deletion rate per base |	0.08%
                        Deletion average length |	3.24
                        Insertion rate per base |	0.06%
                       Insertion average length |	3.03
                             MULTI-MAPPING READS:
        Number of reads mapped to multiple loci |	0
             % of reads mapped to multiple loci |	0.00%
        Number of reads mapped to too many loci |	1082079
             % of reads mapped to too many loci |	4.62%
                                  UNMAPPED READS:
  Number of reads unmapped: too many mismatches |	0
       % of reads unmapped: too many mismatches |	0.00%
            Number of reads unmapped: too short |	2305526
                 % of reads unmapped: too short |	9.84%
                Number of reads unmapped: other |	7880
                     % of reads unmapped: other |	0.03%
                                  CHIMERIC READS:
                       Number of chimeric reads |	0
                            % of chimeric reads |	0.00%
