                                 Started job on |	Dec 04 23:14:22
                             Started mapping on |	Dec 04 23:14:28
                                    Finished on |	Dec 04 23:20:16
       Mapping speed, Million of reads per hour |	229.67

                          Number of input reads |	22201428
                      Average input read length |	297
                                    UNIQUE READS:
                   Uniquely mapped reads number |	17929616
                        Uniquely mapped reads % |	80.76%
                          Average mapped length |	289.68
                       Number of splices: Total |	14235637
            Number of splices: Annotated (sjdb) |	12713104
                       Number of splices: GT/AG |	14057661
                       Number of splices: GC/AG |	114486
                       Number of splices: AT/AC |	9178
               Number of splices: Non-canonical |	54312
                      Mismatch rate per base, % |	0.84%
                         Deletion rate per base |	0.09%
                        Deletion average length |	3.08
                        Insertion rate per base |	0.07%
                       Insertion average length |	2.91
                             MULTI-MAPPING READS:
        Number of reads mapped to multiple loci |	0
             % of reads mapped to multiple loci |	0.00%
        Number of reads mapped to too many loci |	1036368
             % of reads mapped to too many loci |	4.67%
                                  UNMAPPED READS:
  Number of reads unmapped: too many mismatches |	0
       % of reads unmapped: too many mismatches |	0.00%
            Number of reads unmapped: too short |	3230076
                 % of reads unmapped: too short |	14.55%
                Number of reads unmapped: other |	5368
                     % of reads unmapped: other |	0.02%
                                  CHIMERIC READS:
                       Number of chimeric reads |	0
                            % of chimeric reads |	0.00%
