                                 Started job on |	Dec 04 23:26:30
                             Started mapping on |	Dec 04 23:26:36
                                    Finished on |	Dec 04 23:33:31
       Mapping speed, Million of reads per hour |	209.87

                          Number of input reads |	24193622
                      Average input read length |	298
                                    UNIQUE READS:
                   Uniquely mapped reads number |	18896763
                        Uniquely mapped reads % |	78.11%
                          Average mapped length |	290.44
                       Number of splices: Total |	16683068
            Number of splices: Annotated (sjdb) |	15043901
                       Number of splices: GT/AG |	16459189
                       Number of splices: GC/AG |	157530
                       Number of splices: AT/AC |	10260
               Number of splices: Non-canonical |	56089
                      Mismatch rate per base, % |	0.82%
                         Deletion rate per base |	0.08%
                        Deletion average length |	3.15
                        Insertion rate per base |	0.06%
                       Insertion average length |	2.88
                             MULTI-MAPPING READS:
        Number of reads mapped to multiple loci |	0
             % of reads mapped to multiple loci |	0.00%
        Number of reads mapped to too many loci |	1065192
             % of reads mapped to too many loci |	4.40%
                                  UNMAPPED READS:
  Number of reads unmapped: too many mismatches |	0
       % of reads unmapped: too many mismatches |	0.00%
            Number of reads unmapped: too short |	4227675
                 % of reads unmapped: too short |	17.47%
                Number of reads unmapped: other |	3992
                     % of reads unmapped: other |	0.02%
                                  CHIMERIC READS:
                       Number of chimeric reads |	0
                            % of chimeric reads |	0.00%
