                                 Started job on |	Dec 04 22:24:06
                             Started mapping on |	Dec 04 22:24:11
                                    Finished on |	Dec 04 22:28:56
       Mapping speed, Million of reads per hour |	254.83

                          Number of input reads |	20173856
                      Average input read length |	298
                                    UNIQUE READS:
                   Uniquely mapped reads number |	17523953
                        Uniquely mapped reads % |	86.86%
                          Average mapped length |	290.02
                       Number of splices: Total |	13939233
            Number of splices: Annotated (sjdb) |	12521439
                       Number of splices: GT/AG |	13752596
                       Number of splices: GC/AG |	126488
                       Number of splices: AT/AC |	7680
               Number of splices: Non-canonical |	52469
                      Mismatch rate per base, % |	0.84%
                         Deletion rate per base |	0.08%
                        Deletion average length |	3.20
                        Insertion rate per base |	0.07%
                       Insertion average length |	3.01
                             MULTI-MAPPING READS:
        Number of reads mapped to multiple loci |	0
             % of reads mapped to multiple loci |	0.00%
        Number of reads mapped to too many loci |	834479
             % of reads mapped to too many loci |	4.14%
                                  UNMAPPED READS:
  Number of reads unmapped: too many mismatches |	0
       % of reads unmapped: too many mismatches |	0.00%
            Number of reads unmapped: too short |	1806432
                 % of reads unmapped: too short |	8.95%
                Number of reads unmapped: other |	8992
                     % of reads unmapped: other |	0.04%
                                  CHIMERIC READS:
                       Number of chimeric reads |	0
                            % of chimeric reads |	0.00%
