                                 Started job on |	Dec 04 23:33:32
                             Started mapping on |	Dec 04 23:33:38
                                    Finished on |	Dec 04 23:39:09
       Mapping speed, Million of reads per hour |	257.49

                          Number of input reads |	23675057
                      Average input read length |	298
                                    UNIQUE READS:
                   Uniquely mapped reads number |	20886865
                        Uniquely mapped reads % |	88.22%
                          Average mapped length |	291.09
                       Number of splices: Total |	20547125
            Number of splices: Annotated (sjdb) |	18454284
                       Number of splices: GT/AG |	20278876
                       Number of splices: GC/AG |	202036
                       Number of splices: AT/AC |	11344
               Number of splices: Non-canonical |	54869
                      Mismatch rate per base, % |	0.81%
                         Deletion rate per base |	0.06%
                        Deletion average length |	2.95
                        Insertion rate per base |	0.05%
                       Insertion average length |	2.81
                             MULTI-MAPPING READS:
        Number of reads mapped to multiple loci |	0
             % of reads mapped to multiple loci |	0.00%
        Number of reads mapped to too many loci |	1221498
             % of reads mapped to too many loci |	5.16%
                                  UNMAPPED READS:
  Number of reads unmapped: too many mismatches |	0
       % of reads unmapped: too many mismatches |	0.00%
            Number of reads unmapped: too short |	1560920
                 % of reads unmapped: too short |	6.59%
                Number of reads unmapped: other |	5774
                     % of reads unmapped: other |	0.02%
                                  CHIMERIC READS:
                       Number of chimeric reads |	0
                            % of chimeric reads |	0.00%
