                                 Started job on |	Dec 05 01:07:49
                             Started mapping on |	Dec 05 01:07:55
                                    Finished on |	Dec 05 01:12:51
       Mapping speed, Million of reads per hour |	255.12

                          Number of input reads |	20976551
                      Average input read length |	297
                                    UNIQUE READS:
                   Uniquely mapped reads number |	18184484
                        Uniquely mapped reads % |	86.69%
                          Average mapped length |	288.84
                       Number of splices: Total |	14198047
            Number of splices: Annotated (sjdb) |	12741679
                       Number of splices: GT/AG |	13997109
                       Number of splices: GC/AG |	130278
                       Number of splices: AT/AC |	5801
               Number of splices: Non-canonical |	64859
                      Mismatch rate per base, % |	0.85%
                         Deletion rate per base |	0.09%
                        Deletion average length |	2.96
                        Insertion rate per base |	0.08%
                       Insertion average length |	2.86
                             MULTI-MAPPING READS:
        Number of reads mapped to multiple loci |	0
             % of reads mapped to multiple loci |	0.00%
        Number of reads mapped to too many loci |	1037410
             % of reads mapped to too many loci |	4.95%
                                  UNMAPPED READS:
  Number of reads unmapped: too many mismatches |	0
       % of reads unmapped: too many mismatches |	0.00%
            Number of reads unmapped: too short |	1749585
                 % of reads unmapped: too short |	8.34%
                Number of reads unmapped: other |	5072
                     % of reads unmapped: other |	0.02%
                                  CHIMERIC READS:
                       Number of chimeric reads |	0
                            % of chimeric reads |	0.00%
