                                 Started job on |	Dec 05 01:28:13
                             Started mapping on |	Dec 05 01:28:18
                                    Finished on |	Dec 05 01:33:54
       Mapping speed, Million of reads per hour |	247.76

                          Number of input reads |	23124615
                      Average input read length |	295
                                    UNIQUE READS:
                   Uniquely mapped reads number |	20135859
                        Uniquely mapped reads % |	87.08%
                          Average mapped length |	287.31
                       Number of splices: Total |	17751509
            Number of splices: Annotated (sjdb) |	15968993
                       Number of splices: GT/AG |	17518478
                       Number of splices: GC/AG |	167869
                       Number of splices: AT/AC |	6194
               Number of splices: Non-canonical |	58968
                      Mismatch rate per base, % |	0.83%
                         Deletion rate per base |	0.08%
                        Deletion average length |	3.00
                        Insertion rate per base |	0.07%
                       Insertion average length |	2.92
                             MULTI-MAPPING READS:
        Number of reads mapped to multiple loci |	0
             % of reads mapped to multiple loci |	0.00%
        Number of reads mapped to too many loci |	1061830
             % of reads mapped to too many loci |	4.59%
                                  UNMAPPED READS:
  Number of reads unmapped: too many mismatches |	0
       % of reads unmapped: too many mismatches |	0.00%
            Number of reads unmapped: too short |	1919489
                 % of reads unmapped: too short |	8.30%
                Number of reads unmapped: other |	7437
                     % of reads unmapped: other |	0.03%
                                  CHIMERIC READS:
                       Number of chimeric reads |	0
                            % of chimeric reads |	0.00%
