                                 Started job on |	Dec 04 22:28:56
                             Started mapping on |	Dec 04 22:29:02
                                    Finished on |	Dec 04 22:34:25
       Mapping speed, Million of reads per hour |	247.21

                          Number of input reads |	22179842
                      Average input read length |	298
                                    UNIQUE READS:
                   Uniquely mapped reads number |	18394186
                        Uniquely mapped reads % |	82.93%
                          Average mapped length |	290.76
                       Number of splices: Total |	16021891
            Number of splices: Annotated (sjdb) |	14356559
                       Number of splices: GT/AG |	15816051
                       Number of splices: GC/AG |	144209
                       Number of splices: AT/AC |	8680
               Number of splices: Non-canonical |	52951
                      Mismatch rate per base, % |	0.80%
                         Deletion rate per base |	0.07%
                        Deletion average length |	3.02
                        Insertion rate per base |	0.06%
                       Insertion average length |	2.92
                             MULTI-MAPPING READS:
        Number of reads mapped to multiple loci |	0
             % of reads mapped to multiple loci |	0.00%
        Number of reads mapped to too many loci |	1516945
             % of reads mapped to too many loci |	6.84%
                                  UNMAPPED READS:
  Number of reads unmapped: too many mismatches |	0
       % of reads unmapped: too many mismatches |	0.00%
            Number of reads unmapped: too short |	2264318
                 % of reads unmapped: too short |	10.21%
                Number of reads unmapped: other |	4393
                     % of reads unmapped: other |	0.02%
                                  CHIMERIC READS:
                       Number of chimeric reads |	0
                            % of chimeric reads |	0.00%
