                                 Started job on |	Dec 04 23:07:20
                             Started mapping on |	Dec 04 23:07:25
                                    Finished on |	Dec 04 23:14:22
       Mapping speed, Million of reads per hour |	199.04

                          Number of input reads |	23055241
                      Average input read length |	298
                                    UNIQUE READS:
                   Uniquely mapped reads number |	17218638
                        Uniquely mapped reads % |	74.68%
                          Average mapped length |	289.77
                       Number of splices: Total |	13966386
            Number of splices: Annotated (sjdb) |	12570916
                       Number of splices: GT/AG |	13798273
                       Number of splices: GC/AG |	108163
                       Number of splices: AT/AC |	8095
               Number of splices: Non-canonical |	51855
                      Mismatch rate per base, % |	0.84%
                         Deletion rate per base |	0.08%
                        Deletion average length |	3.24
                        Insertion rate per base |	0.07%
                       Insertion average length |	3.00
                             MULTI-MAPPING READS:
        Number of reads mapped to multiple loci |	0
             % of reads mapped to multiple loci |	0.00%
        Number of reads mapped to too many loci |	995391
             % of reads mapped to too many loci |	4.32%
                                  UNMAPPED READS:
  Number of reads unmapped: too many mismatches |	0
       % of reads unmapped: too many mismatches |	0.00%
            Number of reads unmapped: too short |	4832333
                 % of reads unmapped: too short |	20.96%
                Number of reads unmapped: other |	8879
                     % of reads unmapped: other |	0.04%
                                  CHIMERIC READS:
                       Number of chimeric reads |	0
                            % of chimeric reads |	0.00%
