                                 Started job on |	Dec 05 01:12:51
                             Started mapping on |	Dec 05 01:12:57
                                    Finished on |	Dec 05 01:17:40
       Mapping speed, Million of reads per hour |	266.09

                          Number of input reads |	20917583
                      Average input read length |	296
                                    UNIQUE READS:
                   Uniquely mapped reads number |	18257782
                        Uniquely mapped reads % |	87.28%
                          Average mapped length |	287.71
                       Number of splices: Total |	13686625
            Number of splices: Annotated (sjdb) |	12266093
                       Number of splices: GT/AG |	13512199
                       Number of splices: GC/AG |	108235
                       Number of splices: AT/AC |	4894
               Number of splices: Non-canonical |	61297
                      Mismatch rate per base, % |	0.86%
                         Deletion rate per base |	0.09%
                        Deletion average length |	2.97
                        Insertion rate per base |	0.08%
                       Insertion average length |	2.84
                             MULTI-MAPPING READS:
        Number of reads mapped to multiple loci |	0
             % of reads mapped to multiple loci |	0.00%
        Number of reads mapped to too many loci |	913585
             % of reads mapped to too many loci |	4.37%
                                  UNMAPPED READS:
  Number of reads unmapped: too many mismatches |	0
       % of reads unmapped: too many mismatches |	0.00%
            Number of reads unmapped: too short |	1739747
                 % of reads unmapped: too short |	8.32%
                Number of reads unmapped: other |	6469
                     % of reads unmapped: other |	0.03%
                                  CHIMERIC READS:
                       Number of chimeric reads |	0
                            % of chimeric reads |	0.00%
