                                 Started job on |	Dec 05 01:39:22
                             Started mapping on |	Dec 05 01:39:28
                                    Finished on |	Dec 05 01:45:42
       Mapping speed, Million of reads per hour |	269.31

                          Number of input reads |	27977870
                      Average input read length |	296
                                    UNIQUE READS:
                   Uniquely mapped reads number |	24455963
                        Uniquely mapped reads % |	87.41%
                          Average mapped length |	287.80
                       Number of splices: Total |	19338262
            Number of splices: Annotated (sjdb) |	17362796
                       Number of splices: GT/AG |	19104231
                       Number of splices: GC/AG |	146150
                       Number of splices: AT/AC |	7201
               Number of splices: Non-canonical |	80680
                      Mismatch rate per base, % |	0.86%
                         Deletion rate per base |	0.08%
                        Deletion average length |	3.04
                        Insertion rate per base |	0.07%
                       Insertion average length |	2.96
                             MULTI-MAPPING READS:
        Number of reads mapped to multiple loci |	0
             % of reads mapped to multiple loci |	0.00%
        Number of reads mapped to too many loci |	1277500
             % of reads mapped to too many loci |	4.57%
                                  UNMAPPED READS:
  Number of reads unmapped: too many mismatches |	0
       % of reads unmapped: too many mismatches |	0.00%
            Number of reads unmapped: too short |	2234871
                 % of reads unmapped: too short |	7.99%
                Number of reads unmapped: other |	9536
                     % of reads unmapped: other |	0.03%
                                  CHIMERIC READS:
                       Number of chimeric reads |	0
                            % of chimeric reads |	0.00%
