                                 Started job on |	Dec 04 22:40:22
                             Started mapping on |	Dec 04 22:40:27
                                    Finished on |	Dec 04 22:47:19
       Mapping speed, Million of reads per hour |	213.97

                          Number of input reads |	24487148
                      Average input read length |	297
                                    UNIQUE READS:
                   Uniquely mapped reads number |	19281246
                        Uniquely mapped reads % |	78.74%
                          Average mapped length |	290.30
                       Number of splices: Total |	17060685
            Number of splices: Annotated (sjdb) |	15368832
                       Number of splices: GT/AG |	16860767
                       Number of splices: GC/AG |	138060
                       Number of splices: AT/AC |	9383
               Number of splices: Non-canonical |	52475
                      Mismatch rate per base, % |	0.82%
                         Deletion rate per base |	0.07%
                        Deletion average length |	3.20
                        Insertion rate per base |	0.06%
                       Insertion average length |	3.01
                             MULTI-MAPPING READS:
        Number of reads mapped to multiple loci |	0
             % of reads mapped to multiple loci |	0.00%
        Number of reads mapped to too many loci |	1394805
             % of reads mapped to too many loci |	5.70%
                                  UNMAPPED READS:
  Number of reads unmapped: too many mismatches |	0
       % of reads unmapped: too many mismatches |	0.00%
            Number of reads unmapped: too short |	3803440
                 % of reads unmapped: too short |	15.53%
                Number of reads unmapped: other |	7657
                     % of reads unmapped: other |	0.03%
                                  CHIMERIC READS:
                       Number of chimeric reads |	0
                            % of chimeric reads |	0.00%
