                                 Started job on |	Dec 05 01:22:31
                             Started mapping on |	Dec 05 01:22:36
                                    Finished on |	Dec 05 01:28:12
       Mapping speed, Million of reads per hour |	259.92

                          Number of input reads |	24259595
                      Average input read length |	297
                                    UNIQUE READS:
                   Uniquely mapped reads number |	21157433
                        Uniquely mapped reads % |	87.21%
                          Average mapped length |	288.22
                       Number of splices: Total |	16532027
            Number of splices: Annotated (sjdb) |	14841345
                       Number of splices: GT/AG |	16327094
                       Number of splices: GC/AG |	131335
                       Number of splices: AT/AC |	6624
               Number of splices: Non-canonical |	66974
                      Mismatch rate per base, % |	0.86%
                         Deletion rate per base |	0.08%
                        Deletion average length |	3.02
                        Insertion rate per base |	0.07%
                       Insertion average length |	2.93
                             MULTI-MAPPING READS:
        Number of reads mapped to multiple loci |	0
             % of reads mapped to multiple loci |	0.00%
        Number of reads mapped to too many loci |	1105143
             % of reads mapped to too many loci |	4.56%
                                  UNMAPPED READS:
  Number of reads unmapped: too many mismatches |	0
       % of reads unmapped: too many mismatches |	0.00%
            Number of reads unmapped: too short |	1986469
                 % of reads unmapped: too short |	8.19%
                Number of reads unmapped: other |	10550
                     % of reads unmapped: other |	0.04%
                                  CHIMERIC READS:
                       Number of chimeric reads |	0
                            % of chimeric reads |	0.00%
